Namespace(batch_size=32, class_choice='airplane', dataset='shapenetpart', dropout=0.5, emb_dims=1024, epochs=200, eval=False, exp_name='partseg_airplane', k=40, lr=0.001, model='dgcnn', model_path='', momentum=0.9, no_cuda=False, num_points=2048, scheduler='cos', seed=1, test_batch_size=16, use_sgd=True, visu='airplane_0', visu_format='ply')
Using GPU : 0 from 1 devices
Train 0, loss: 0.925897, train acc: 0.840986, train avg acc: 0.772980, train iou: 0.674142
Test 0, loss: 0.877271, test acc: 0.879715, test avg acc: 0.872854, test iou: 0.711412
Train 1, loss: 0.831816, train acc: 0.912788, train avg acc: 0.899128, train iou: 0.810540
Test 1, loss: 0.868127, test acc: 0.874449, test avg acc: 0.867603, test iou: 0.741609
Train 2, loss: 0.820939, train acc: 0.919070, train avg acc: 0.908194, train iou: 0.823216
Test 2, loss: 0.838246, test acc: 0.900951, test avg acc: 0.847197, test iou: 0.786107
Train 3, loss: 0.816216, train acc: 0.921810, train avg acc: 0.912667, train iou: 0.830003
Test 3, loss: 0.832775, test acc: 0.904877, test avg acc: 0.872097, test iou: 0.794012
Train 4, loss: 0.813943, train acc: 0.922450, train avg acc: 0.913819, train iou: 0.831842
Test 4, loss: 0.836925, test acc: 0.900859, test avg acc: 0.891402, test iou: 0.801375
Train 5, loss: 0.812724, train acc: 0.923793, train avg acc: 0.915394, train iou: 0.834506
Test 5, loss: 0.844445, test acc: 0.896885, test avg acc: 0.860734, test iou: 0.799306
Train 6, loss: 0.809900, train acc: 0.925709, train avg acc: 0.917875, train iou: 0.839090
Test 6, loss: 0.829922, test acc: 0.906763, test avg acc: 0.887490, test iou: 0.804585
Train 7, loss: 0.807890, train acc: 0.927315, train avg acc: 0.919339, train iou: 0.842357
Test 7, loss: 0.836840, test acc: 0.903222, test avg acc: 0.885440, test iou: 0.772843
Train 8, loss: 0.807653, train acc: 0.927304, train avg acc: 0.919411, train iou: 0.841096
Test 8, loss: 0.845246, test acc: 0.899772, test avg acc: 0.870718, test iou: 0.802830
Train 9, loss: 0.805665, train acc: 0.929137, train avg acc: 0.921143, train iou: 0.844937
Test 9, loss: 0.851776, test acc: 0.898297, test avg acc: 0.875725, test iou: 0.785641
Train 10, loss: 0.804763, train acc: 0.929338, train avg acc: 0.922052, train iou: 0.846038
Test 10, loss: 0.826597, test acc: 0.910400, test avg acc: 0.899081, test iou: 0.809102
Train 11, loss: 0.804184, train acc: 0.930373, train avg acc: 0.922672, train iou: 0.848540
Test 11, loss: 0.836130, test acc: 0.904308, test avg acc: 0.865903, test iou: 0.810627
Train 12, loss: 0.801765, train acc: 0.932096, train avg acc: 0.924835, train iou: 0.851300
Test 12, loss: 0.844120, test acc: 0.898453, test avg acc: 0.906955, test iou: 0.768696
Train 13, loss: 0.801572, train acc: 0.932283, train avg acc: 0.924261, train iou: 0.851026
Test 13, loss: 0.830503, test acc: 0.908134, test avg acc: 0.889837, test iou: 0.783619
Train 14, loss: 0.802237, train acc: 0.932088, train avg acc: 0.924480, train iou: 0.851504
Test 14, loss: 0.829941, test acc: 0.910370, test avg acc: 0.897860, test iou: 0.796182
Train 15, loss: 0.800304, train acc: 0.933163, train avg acc: 0.925968, train iou: 0.853847
Test 15, loss: 0.822451, test acc: 0.912424, test avg acc: 0.896226, test iou: 0.821659
Train 16, loss: 0.799457, train acc: 0.933781, train avg acc: 0.925936, train iou: 0.856713
Test 16, loss: 0.827092, test acc: 0.908590, test avg acc: 0.906296, test iou: 0.800264
Train 17, loss: 0.799091, train acc: 0.934342, train avg acc: 0.926990, train iou: 0.856208
Test 17, loss: 0.878496, test acc: 0.869325, test avg acc: 0.866932, test iou: 0.763580
Train 18, loss: 0.798134, train acc: 0.935115, train avg acc: 0.927458, train iou: 0.856886
Test 18, loss: 0.833539, test acc: 0.906655, test avg acc: 0.891743, test iou: 0.813791
Train 19, loss: 0.796604, train acc: 0.936183, train avg acc: 0.929040, train iou: 0.859608
Test 19, loss: 0.828998, test acc: 0.906365, test avg acc: 0.882011, test iou: 0.796471
Train 20, loss: 0.797396, train acc: 0.935510, train avg acc: 0.927899, train iou: 0.857616
Test 20, loss: 0.825637, test acc: 0.911157, test avg acc: 0.864469, test iou: 0.814711
Train 21, loss: 0.795410, train acc: 0.937307, train avg acc: 0.930339, train iou: 0.861729
Test 21, loss: 0.857460, test acc: 0.883790, test avg acc: 0.854997, test iou: 0.785521
Train 22, loss: 0.795673, train acc: 0.937001, train avg acc: 0.929631, train iou: 0.859967
Test 22, loss: 0.844155, test acc: 0.897918, test avg acc: 0.893635, test iou: 0.779375
Train 23, loss: 0.795133, train acc: 0.937413, train avg acc: 0.929765, train iou: 0.861093
Test 23, loss: 0.833243, test acc: 0.904814, test avg acc: 0.854221, test iou: 0.804158
Train 24, loss: 0.793863, train acc: 0.938479, train avg acc: 0.931376, train iou: 0.862967
Test 24, loss: 0.833163, test acc: 0.905523, test avg acc: 0.898858, test iou: 0.813866
Train 25, loss: 0.794372, train acc: 0.938084, train avg acc: 0.930644, train iou: 0.862953
Test 25, loss: 0.852957, test acc: 0.896801, test avg acc: 0.839179, test iou: 0.782796
Train 26, loss: 0.794163, train acc: 0.938619, train avg acc: 0.931087, train iou: 0.865370
Test 26, loss: 0.855242, test acc: 0.885056, test avg acc: 0.842595, test iou: 0.775815
Train 27, loss: 0.794975, train acc: 0.938050, train avg acc: 0.930393, train iou: 0.863254
Test 27, loss: 0.839642, test acc: 0.903548, test avg acc: 0.886795, test iou: 0.802056
Train 28, loss: 0.793578, train acc: 0.939417, train avg acc: 0.931897, train iou: 0.864144
Test 28, loss: 0.832995, test acc: 0.906297, test avg acc: 0.882225, test iou: 0.805262
Train 29, loss: 0.792749, train acc: 0.939641, train avg acc: 0.932720, train iou: 0.866492
Test 29, loss: 0.831391, test acc: 0.906913, test avg acc: 0.905636, test iou: 0.794013
Train 30, loss: 0.791105, train acc: 0.941011, train avg acc: 0.933836, train iou: 0.867510
Test 30, loss: 0.847035, test acc: 0.900076, test avg acc: 0.870535, test iou: 0.800058
Train 31, loss: 0.790510, train acc: 0.941664, train avg acc: 0.934153, train iou: 0.869430
Test 31, loss: 0.860607, test acc: 0.886637, test avg acc: 0.866733, test iou: 0.785421
Train 32, loss: 0.790688, train acc: 0.941524, train avg acc: 0.934316, train iou: 0.868897
Test 32, loss: 0.820065, test acc: 0.916583, test avg acc: 0.898118, test iou: 0.826254
Train 33, loss: 0.790162, train acc: 0.941944, train avg acc: 0.934831, train iou: 0.870222
Test 33, loss: 0.835108, test acc: 0.902221, test avg acc: 0.897411, test iou: 0.817436
Train 34, loss: 0.789810, train acc: 0.942199, train avg acc: 0.934760, train iou: 0.869571
Test 34, loss: 0.826858, test acc: 0.910403, test avg acc: 0.898725, test iou: 0.815139
Train 35, loss: 0.789713, train acc: 0.942338, train avg acc: 0.935180, train iou: 0.870296
Test 35, loss: 0.833279, test acc: 0.908674, test avg acc: 0.874532, test iou: 0.799127
Train 36, loss: 0.789542, train acc: 0.942547, train avg acc: 0.935156, train iou: 0.870057
Test 36, loss: 0.866709, test acc: 0.887373, test avg acc: 0.845540, test iou: 0.774774
Train 37, loss: 0.788776, train acc: 0.943104, train avg acc: 0.935596, train iou: 0.872699
Test 37, loss: 0.827455, test acc: 0.912404, test avg acc: 0.909103, test iou: 0.775883
Train 38, loss: 0.788330, train acc: 0.943632, train avg acc: 0.936141, train iou: 0.872615
Test 38, loss: 0.827885, test acc: 0.909878, test avg acc: 0.890738, test iou: 0.823356
Train 39, loss: 0.787999, train acc: 0.944009, train avg acc: 0.936357, train iou: 0.873447
Test 39, loss: 0.840468, test acc: 0.898253, test avg acc: 0.900776, test iou: 0.797684
Train 40, loss: 0.787419, train acc: 0.944513, train avg acc: 0.937341, train iou: 0.874669
Test 40, loss: 0.832862, test acc: 0.906957, test avg acc: 0.871423, test iou: 0.805122
Train 41, loss: 0.787361, train acc: 0.944434, train avg acc: 0.936559, train iou: 0.873564
Test 41, loss: 0.827712, test acc: 0.910726, test avg acc: 0.890301, test iou: 0.800118
Train 42, loss: 0.786717, train acc: 0.945235, train avg acc: 0.937511, train iou: 0.875142
Test 42, loss: 0.829780, test acc: 0.909545, test avg acc: 0.884018, test iou: 0.818465
Train 43, loss: 0.786058, train acc: 0.945622, train avg acc: 0.938754, train iou: 0.876618
Test 43, loss: 0.849855, test acc: 0.891368, test avg acc: 0.890349, test iou: 0.798387
Train 44, loss: 0.785768, train acc: 0.945948, train avg acc: 0.938801, train iou: 0.878187
Test 44, loss: 0.822040, test acc: 0.914158, test avg acc: 0.878763, test iou: 0.819130
Train 45, loss: 0.785105, train acc: 0.946591, train avg acc: 0.938853, train iou: 0.877613
Test 45, loss: 0.827086, test acc: 0.909528, test avg acc: 0.866518, test iou: 0.808047
Train 46, loss: 0.785456, train acc: 0.946193, train avg acc: 0.938974, train iou: 0.877244
Test 46, loss: 0.860004, test acc: 0.879289, test avg acc: 0.877147, test iou: 0.770525
Train 47, loss: 0.786079, train acc: 0.945641, train avg acc: 0.938351, train iou: 0.876135
Test 47, loss: 0.849012, test acc: 0.892080, test avg acc: 0.896700, test iou: 0.796409
Train 48, loss: 0.785423, train acc: 0.946081, train avg acc: 0.939126, train iou: 0.877644
Test 48, loss: 0.819219, test acc: 0.918287, test avg acc: 0.897034, test iou: 0.831911
Train 49, loss: 0.784355, train acc: 0.947070, train avg acc: 0.939695, train iou: 0.878969
Test 49, loss: 0.822781, test acc: 0.915433, test avg acc: 0.892704, test iou: 0.812653
Train 50, loss: 0.784734, train acc: 0.946907, train avg acc: 0.939307, train iou: 0.877834
Test 50, loss: 0.832982, test acc: 0.905053, test avg acc: 0.893403, test iou: 0.793165
Train 51, loss: 0.783816, train acc: 0.947604, train avg acc: 0.940621, train iou: 0.881545
Test 51, loss: 0.852296, test acc: 0.897349, test avg acc: 0.856951, test iou: 0.785027
Train 52, loss: 0.784386, train acc: 0.947119, train avg acc: 0.939519, train iou: 0.879530
Test 52, loss: 0.823460, test acc: 0.913719, test avg acc: 0.892321, test iou: 0.822231
Train 53, loss: 0.782824, train acc: 0.948603, train avg acc: 0.941269, train iou: 0.882862
Test 53, loss: 0.823844, test acc: 0.914244, test avg acc: 0.884662, test iou: 0.828942
Train 54, loss: 0.782253, train acc: 0.948927, train avg acc: 0.941729, train iou: 0.883330
Test 54, loss: 0.847732, test acc: 0.898370, test avg acc: 0.866311, test iou: 0.776896
Train 55, loss: 0.782469, train acc: 0.948784, train avg acc: 0.941402, train iou: 0.882928
Test 55, loss: 0.837699, test acc: 0.905611, test avg acc: 0.858808, test iou: 0.814044
Train 56, loss: 0.782486, train acc: 0.948683, train avg acc: 0.941351, train iou: 0.883229
Test 56, loss: 0.847696, test acc: 0.892885, test avg acc: 0.848300, test iou: 0.789694
Train 57, loss: 0.782015, train acc: 0.949103, train avg acc: 0.941728, train iou: 0.884135
Test 57, loss: 0.842688, test acc: 0.901858, test avg acc: 0.857291, test iou: 0.791102
Train 58, loss: 0.782342, train acc: 0.948799, train avg acc: 0.941409, train iou: 0.883381
Test 58, loss: 0.862579, test acc: 0.883341, test avg acc: 0.868815, test iou: 0.773891
Train 59, loss: 0.781388, train acc: 0.949660, train avg acc: 0.942366, train iou: 0.883374
Test 59, loss: 0.828304, test acc: 0.911267, test avg acc: 0.903281, test iou: 0.827404
Train 60, loss: 0.780630, train acc: 0.950416, train avg acc: 0.943027, train iou: 0.886458
Test 60, loss: 0.817798, test acc: 0.919611, test avg acc: 0.904466, test iou: 0.832451
Train 61, loss: 0.780143, train acc: 0.950766, train avg acc: 0.943598, train iou: 0.886987
Test 61, loss: 0.899065, test acc: 0.844144, test avg acc: 0.814466, test iou: 0.740006
Train 62, loss: 0.781197, train acc: 0.949828, train avg acc: 0.942392, train iou: 0.885774
Test 62, loss: 0.826020, test acc: 0.912192, test avg acc: 0.890708, test iou: 0.820109
Train 63, loss: 0.779766, train acc: 0.950949, train avg acc: 0.943844, train iou: 0.887035
Test 63, loss: 0.854867, test acc: 0.888237, test avg acc: 0.882106, test iou: 0.795906
Train 64, loss: 0.779055, train acc: 0.951673, train avg acc: 0.944352, train iou: 0.888461
Test 64, loss: 0.822175, test acc: 0.915612, test avg acc: 0.894153, test iou: 0.816666
Train 65, loss: 0.778691, train acc: 0.952034, train avg acc: 0.945216, train iou: 0.889353
Test 65, loss: 0.826706, test acc: 0.911525, test avg acc: 0.881288, test iou: 0.813033
Train 66, loss: 0.778767, train acc: 0.951908, train avg acc: 0.944427, train iou: 0.887708
Test 66, loss: 0.819875, test acc: 0.917459, test avg acc: 0.904708, test iou: 0.830242
Train 67, loss: 0.777969, train acc: 0.952548, train avg acc: 0.945223, train iou: 0.891143
Test 67, loss: 0.829471, test acc: 0.910884, test avg acc: 0.884638, test iou: 0.810876
Train 68, loss: 0.778280, train acc: 0.952225, train avg acc: 0.945046, train iou: 0.888086
Test 68, loss: 0.838533, test acc: 0.902852, test avg acc: 0.868911, test iou: 0.806507
Train 69, loss: 0.778264, train acc: 0.952271, train avg acc: 0.945306, train iou: 0.889613
Test 69, loss: 0.832417, test acc: 0.910305, test avg acc: 0.904776, test iou: 0.811513
Train 70, loss: 0.778578, train acc: 0.951856, train avg acc: 0.944831, train iou: 0.888812
Test 70, loss: 0.823436, test acc: 0.914814, test avg acc: 0.880030, test iou: 0.828239
Train 71, loss: 0.777731, train acc: 0.952854, train avg acc: 0.945890, train iou: 0.890787
Test 71, loss: 0.832452, test acc: 0.909407, test avg acc: 0.882453, test iou: 0.808177
Train 72, loss: 0.777677, train acc: 0.952756, train avg acc: 0.945612, train iou: 0.890803
Test 72, loss: 0.826781, test acc: 0.911827, test avg acc: 0.898349, test iou: 0.812597
Train 73, loss: 0.776611, train acc: 0.953657, train avg acc: 0.946719, train iou: 0.891243
Test 73, loss: 0.827520, test acc: 0.913291, test avg acc: 0.895769, test iou: 0.807100
Train 74, loss: 0.776522, train acc: 0.953733, train avg acc: 0.946525, train iou: 0.892453
Test 74, loss: 0.839322, test acc: 0.906753, test avg acc: 0.908625, test iou: 0.788790
Train 75, loss: 0.776543, train acc: 0.953666, train avg acc: 0.946596, train iou: 0.891773
Test 75, loss: 0.836196, test acc: 0.901054, test avg acc: 0.890547, test iou: 0.810133
Train 76, loss: 0.776327, train acc: 0.953796, train avg acc: 0.946712, train iou: 0.892511
Test 76, loss: 0.828035, test acc: 0.912835, test avg acc: 0.899051, test iou: 0.792070
Train 77, loss: 0.775898, train acc: 0.954245, train avg acc: 0.947224, train iou: 0.892092
Test 77, loss: 0.824822, test acc: 0.916538, test avg acc: 0.889429, test iou: 0.828936
Train 78, loss: 0.775932, train acc: 0.954223, train avg acc: 0.947162, train iou: 0.892722
Test 78, loss: 0.828962, test acc: 0.911992, test avg acc: 0.872860, test iou: 0.816032
Train 79, loss: 0.775285, train acc: 0.954852, train avg acc: 0.947784, train iou: 0.895416
Test 79, loss: 0.832932, test acc: 0.907638, test avg acc: 0.895530, test iou: 0.803503
Train 80, loss: 0.775269, train acc: 0.954757, train avg acc: 0.947897, train iou: 0.894267
Test 80, loss: 0.836647, test acc: 0.905487, test avg acc: 0.896441, test iou: 0.798850
Train 81, loss: 0.775708, train acc: 0.954353, train avg acc: 0.947161, train iou: 0.892444
Test 81, loss: 0.825082, test acc: 0.915661, test avg acc: 0.887773, test iou: 0.817074
Train 82, loss: 0.775672, train acc: 0.954338, train avg acc: 0.947238, train iou: 0.892764
Test 82, loss: 0.839518, test acc: 0.901898, test avg acc: 0.850303, test iou: 0.796571
Train 83, loss: 0.774801, train acc: 0.955201, train avg acc: 0.948329, train iou: 0.895210
Test 83, loss: 0.844774, test acc: 0.896125, test avg acc: 0.874683, test iou: 0.800255
Train 84, loss: 0.774461, train acc: 0.955372, train avg acc: 0.948565, train iou: 0.896198
Test 84, loss: 0.822068, test acc: 0.916093, test avg acc: 0.900452, test iou: 0.815518
Train 85, loss: 0.774041, train acc: 0.955759, train avg acc: 0.948833, train iou: 0.896401
Test 85, loss: 0.835773, test acc: 0.904171, test avg acc: 0.895509, test iou: 0.815405
Train 86, loss: 0.773741, train acc: 0.955916, train avg acc: 0.949127, train iou: 0.896910
Test 86, loss: 0.824306, test acc: 0.915414, test avg acc: 0.905927, test iou: 0.830423
Train 87, loss: 0.773848, train acc: 0.955843, train avg acc: 0.948693, train iou: 0.896369
Test 87, loss: 0.835062, test acc: 0.905958, test avg acc: 0.909746, test iou: 0.787617
Train 88, loss: 0.773183, train acc: 0.956474, train avg acc: 0.949494, train iou: 0.897779
Test 88, loss: 0.839176, test acc: 0.902549, test avg acc: 0.879832, test iou: 0.805762
Train 89, loss: 0.773100, train acc: 0.956510, train avg acc: 0.949387, train iou: 0.897453
Test 89, loss: 0.822893, test acc: 0.916220, test avg acc: 0.894983, test iou: 0.829794
Train 90, loss: 0.772697, train acc: 0.956838, train avg acc: 0.950008, train iou: 0.899562
Test 90, loss: 0.831879, test acc: 0.912843, test avg acc: 0.908344, test iou: 0.810251
Train 91, loss: 0.772964, train acc: 0.956689, train avg acc: 0.949665, train iou: 0.897000
Test 91, loss: 0.821373, test acc: 0.918269, test avg acc: 0.882739, test iou: 0.831354
Train 92, loss: 0.772681, train acc: 0.956810, train avg acc: 0.950001, train iou: 0.898387
Test 92, loss: 0.826979, test acc: 0.913884, test avg acc: 0.904116, test iou: 0.817026
Train 93, loss: 0.771897, train acc: 0.957614, train avg acc: 0.950735, train iou: 0.902185
Test 93, loss: 0.825892, test acc: 0.914724, test avg acc: 0.887113, test iou: 0.813030
Train 94, loss: 0.772155, train acc: 0.957310, train avg acc: 0.950300, train iou: 0.899826
Test 94, loss: 0.819533, test acc: 0.919757, test avg acc: 0.892246, test iou: 0.817628
Train 95, loss: 0.772223, train acc: 0.957266, train avg acc: 0.950415, train iou: 0.899410
Test 95, loss: 0.835394, test acc: 0.908384, test avg acc: 0.881914, test iou: 0.812581
Train 96, loss: 0.772101, train acc: 0.957293, train avg acc: 0.950465, train iou: 0.900178
Test 96, loss: 0.834447, test acc: 0.909642, test avg acc: 0.898234, test iou: 0.809556
Train 97, loss: 0.771403, train acc: 0.957924, train avg acc: 0.951053, train iou: 0.901438
Test 97, loss: 0.833676, test acc: 0.911008, test avg acc: 0.882657, test iou: 0.807786
Train 98, loss: 0.771229, train acc: 0.957966, train avg acc: 0.951039, train iou: 0.900746
Test 98, loss: 0.849633, test acc: 0.894818, test avg acc: 0.889508, test iou: 0.788802
Train 99, loss: 0.770543, train acc: 0.958694, train avg acc: 0.952235, train iou: 0.901681
Test 99, loss: 0.871393, test acc: 0.886401, test avg acc: 0.873938, test iou: 0.780006
Train 100, loss: 0.770805, train acc: 0.958308, train avg acc: 0.951382, train iou: 0.902155
Test 100, loss: 0.822456, test acc: 0.917193, test avg acc: 0.888058, test iou: 0.827578
Train 101, loss: 0.771172, train acc: 0.958060, train avg acc: 0.950943, train iou: 0.900026
Test 101, loss: 0.828872, test acc: 0.911512, test avg acc: 0.889741, test iou: 0.811649
Train 102, loss: 0.770766, train acc: 0.958381, train avg acc: 0.951397, train iou: 0.900054
Test 102, loss: 0.827571, test acc: 0.913394, test avg acc: 0.889679, test iou: 0.823231
Train 103, loss: 0.769968, train acc: 0.959152, train avg acc: 0.952589, train iou: 0.902984
Test 103, loss: 0.837517, test acc: 0.901900, test avg acc: 0.879477, test iou: 0.800979
Train 104, loss: 0.769854, train acc: 0.959223, train avg acc: 0.952321, train iou: 0.903611
Test 104, loss: 0.850392, test acc: 0.896172, test avg acc: 0.905659, test iou: 0.792636
Train 105, loss: 0.769561, train acc: 0.959452, train avg acc: 0.952615, train iou: 0.902613
Test 105, loss: 0.825258, test acc: 0.916985, test avg acc: 0.892179, test iou: 0.829330
Train 106, loss: 0.769724, train acc: 0.959334, train avg acc: 0.952544, train iou: 0.903775
Test 106, loss: 0.840362, test acc: 0.903421, test avg acc: 0.901149, test iou: 0.790931
Train 107, loss: 0.769226, train acc: 0.959714, train avg acc: 0.952914, train iou: 0.904364
Test 107, loss: 0.822285, test acc: 0.918045, test avg acc: 0.905215, test iou: 0.814303
Train 108, loss: 0.769778, train acc: 0.959180, train avg acc: 0.952437, train iou: 0.903804
Test 108, loss: 0.826872, test acc: 0.913511, test avg acc: 0.891634, test iou: 0.818368
Train 109, loss: 0.769566, train acc: 0.959428, train avg acc: 0.952401, train iou: 0.904747
Test 109, loss: 0.826089, test acc: 0.916255, test avg acc: 0.890661, test iou: 0.819167
Train 110, loss: 0.768700, train acc: 0.960156, train avg acc: 0.953389, train iou: 0.905237
Test 110, loss: 0.821556, test acc: 0.918874, test avg acc: 0.895115, test iou: 0.833308
Train 111, loss: 0.768868, train acc: 0.960049, train avg acc: 0.953270, train iou: 0.905275
Test 111, loss: 0.834025, test acc: 0.910319, test avg acc: 0.901572, test iou: 0.814292
Train 112, loss: 0.769047, train acc: 0.959830, train avg acc: 0.952944, train iou: 0.903973
Test 112, loss: 0.831007, test acc: 0.910543, test avg acc: 0.861228, test iou: 0.815256
Train 113, loss: 0.768119, train acc: 0.960759, train avg acc: 0.953981, train iou: 0.907238
Test 113, loss: 0.835751, test acc: 0.909370, test avg acc: 0.910467, test iou: 0.788357
Train 114, loss: 0.767880, train acc: 0.960823, train avg acc: 0.954122, train iou: 0.906799
Test 114, loss: 0.822381, test acc: 0.917926, test avg acc: 0.900361, test iou: 0.822078
Train 115, loss: 0.768150, train acc: 0.960604, train avg acc: 0.953801, train iou: 0.906204
Test 115, loss: 0.821414, test acc: 0.918736, test avg acc: 0.884691, test iou: 0.826229
Train 116, loss: 0.768002, train acc: 0.960726, train avg acc: 0.953996, train iou: 0.907183
Test 116, loss: 0.824012, test acc: 0.915818, test avg acc: 0.886213, test iou: 0.817099
Train 117, loss: 0.767781, train acc: 0.961040, train avg acc: 0.954202, train iou: 0.907911
Test 117, loss: 0.824764, test acc: 0.915447, test avg acc: 0.880884, test iou: 0.818983
Train 118, loss: 0.767606, train acc: 0.961014, train avg acc: 0.954497, train iou: 0.907511
Test 118, loss: 0.819091, test acc: 0.920625, test avg acc: 0.897589, test iou: 0.829728
Train 119, loss: 0.767396, train acc: 0.961222, train avg acc: 0.954530, train iou: 0.907298
Test 119, loss: 0.833021, test acc: 0.908273, test avg acc: 0.890416, test iou: 0.819740
Train 120, loss: 0.766877, train acc: 0.961686, train avg acc: 0.955096, train iou: 0.908926
Test 120, loss: 0.824913, test acc: 0.917065, test avg acc: 0.906299, test iou: 0.819596
Train 121, loss: 0.766551, train acc: 0.962006, train avg acc: 0.955537, train iou: 0.908386
Test 121, loss: 0.817767, test acc: 0.921412, test avg acc: 0.901438, test iou: 0.829545
Train 122, loss: 0.766793, train acc: 0.961759, train avg acc: 0.954945, train iou: 0.908837
Test 122, loss: 0.822681, test acc: 0.917167, test avg acc: 0.898139, test iou: 0.822889
Train 123, loss: 0.766600, train acc: 0.961888, train avg acc: 0.955461, train iou: 0.910242
Test 123, loss: 0.825438, test acc: 0.917810, test avg acc: 0.903550, test iou: 0.823971
Train 124, loss: 0.766228, train acc: 0.962292, train avg acc: 0.955770, train iou: 0.910746
Test 124, loss: 0.824054, test acc: 0.916608, test avg acc: 0.900199, test iou: 0.822396
Train 125, loss: 0.766316, train acc: 0.962221, train avg acc: 0.955703, train iou: 0.910554
Test 125, loss: 0.821163, test acc: 0.918865, test avg acc: 0.904967, test iou: 0.820645
Train 126, loss: 0.765938, train acc: 0.962547, train avg acc: 0.956002, train iou: 0.910785
Test 126, loss: 0.831039, test acc: 0.911024, test avg acc: 0.886536, test iou: 0.811135
Train 127, loss: 0.765378, train acc: 0.962957, train avg acc: 0.956481, train iou: 0.913110
Test 127, loss: 0.816840, test acc: 0.923635, test avg acc: 0.899541, test iou: 0.835548
Train 128, loss: 0.765823, train acc: 0.962633, train avg acc: 0.955977, train iou: 0.911311
Test 128, loss: 0.823428, test acc: 0.919810, test avg acc: 0.892965, test iou: 0.824368
Train 129, loss: 0.765724, train acc: 0.962725, train avg acc: 0.956208, train iou: 0.911329
Test 129, loss: 0.818931, test acc: 0.922736, test avg acc: 0.898282, test iou: 0.828510
Train 130, loss: 0.765602, train acc: 0.962796, train avg acc: 0.956530, train iou: 0.911339
Test 130, loss: 0.827814, test acc: 0.914853, test avg acc: 0.912442, test iou: 0.803761
Train 131, loss: 0.764967, train acc: 0.963229, train avg acc: 0.957089, train iou: 0.912861
Test 131, loss: 0.816091, test acc: 0.923486, test avg acc: 0.904727, test iou: 0.831829
Train 132, loss: 0.765067, train acc: 0.963139, train avg acc: 0.956780, train iou: 0.910945
Test 132, loss: 0.826856, test acc: 0.914536, test avg acc: 0.889641, test iou: 0.820189
Train 133, loss: 0.765093, train acc: 0.963246, train avg acc: 0.956734, train iou: 0.911178
Test 133, loss: 0.818448, test acc: 0.922240, test avg acc: 0.904776, test iou: 0.831042
Train 134, loss: 0.764601, train acc: 0.963482, train avg acc: 0.957055, train iou: 0.912930
Test 134, loss: 0.819568, test acc: 0.920926, test avg acc: 0.885375, test iou: 0.823579
Train 135, loss: 0.764573, train acc: 0.963590, train avg acc: 0.957167, train iou: 0.912506
Test 135, loss: 0.824204, test acc: 0.918282, test avg acc: 0.900369, test iou: 0.822401
Train 136, loss: 0.764681, train acc: 0.963532, train avg acc: 0.957097, train iou: 0.912056
Test 136, loss: 0.818549, test acc: 0.923210, test avg acc: 0.901012, test iou: 0.836245
Train 137, loss: 0.764623, train acc: 0.963612, train avg acc: 0.957296, train iou: 0.913267
Test 137, loss: 0.822670, test acc: 0.918673, test avg acc: 0.895228, test iou: 0.823807
Train 138, loss: 0.764314, train acc: 0.963825, train avg acc: 0.957571, train iou: 0.913813
Test 138, loss: 0.821395, test acc: 0.920036, test avg acc: 0.904894, test iou: 0.827941
Train 139, loss: 0.764625, train acc: 0.963472, train avg acc: 0.956942, train iou: 0.913406
Test 139, loss: 0.820421, test acc: 0.920430, test avg acc: 0.904131, test iou: 0.830091
Train 140, loss: 0.764227, train acc: 0.963943, train avg acc: 0.957704, train iou: 0.914372
Test 140, loss: 0.834021, test acc: 0.909370, test avg acc: 0.895389, test iou: 0.814619
Train 141, loss: 0.764125, train acc: 0.964043, train avg acc: 0.957768, train iou: 0.913706
Test 141, loss: 0.817524, test acc: 0.923255, test avg acc: 0.908862, test iou: 0.832834
Train 142, loss: 0.763845, train acc: 0.964167, train avg acc: 0.957716, train iou: 0.913644
Test 142, loss: 0.820308, test acc: 0.921315, test avg acc: 0.900268, test iou: 0.827576
Train 143, loss: 0.763770, train acc: 0.964298, train avg acc: 0.958061, train iou: 0.914570
Test 143, loss: 0.819960, test acc: 0.921990, test avg acc: 0.899130, test iou: 0.835997
Train 144, loss: 0.763320, train acc: 0.964689, train avg acc: 0.958360, train iou: 0.914594
Test 144, loss: 0.820046, test acc: 0.921276, test avg acc: 0.905053, test iou: 0.823915
Train 145, loss: 0.763653, train acc: 0.964380, train avg acc: 0.957955, train iou: 0.914763
Test 145, loss: 0.821661, test acc: 0.919106, test avg acc: 0.899990, test iou: 0.826842
Train 146, loss: 0.763271, train acc: 0.964647, train avg acc: 0.958444, train iou: 0.916227
Test 146, loss: 0.820969, test acc: 0.919866, test avg acc: 0.897262, test iou: 0.831982
Train 147, loss: 0.763465, train acc: 0.964665, train avg acc: 0.958400, train iou: 0.915306
Test 147, loss: 0.818018, test acc: 0.922801, test avg acc: 0.904406, test iou: 0.835673
Train 148, loss: 0.763217, train acc: 0.964791, train avg acc: 0.958547, train iou: 0.915732
Test 148, loss: 0.822543, test acc: 0.917864, test avg acc: 0.884947, test iou: 0.827361
Train 149, loss: 0.763207, train acc: 0.964839, train avg acc: 0.958595, train iou: 0.915318
Test 149, loss: 0.819150, test acc: 0.922561, test avg acc: 0.906151, test iou: 0.829022
Train 150, loss: 0.762917, train acc: 0.964993, train avg acc: 0.958751, train iou: 0.916221
Test 150, loss: 0.818144, test acc: 0.922458, test avg acc: 0.902678, test iou: 0.835940
Train 151, loss: 0.762852, train acc: 0.965124, train avg acc: 0.958877, train iou: 0.915825
Test 151, loss: 0.827696, test acc: 0.916789, test avg acc: 0.897427, test iou: 0.825679
Train 152, loss: 0.762845, train acc: 0.965024, train avg acc: 0.958670, train iou: 0.916653
Test 152, loss: 0.817361, test acc: 0.923553, test avg acc: 0.902775, test iou: 0.828749
Train 153, loss: 0.762782, train acc: 0.965137, train avg acc: 0.959196, train iou: 0.917382
Test 153, loss: 0.828495, test acc: 0.912848, test avg acc: 0.896019, test iou: 0.816027
Train 154, loss: 0.762835, train acc: 0.965138, train avg acc: 0.958863, train iou: 0.915972
Test 154, loss: 0.817220, test acc: 0.923361, test avg acc: 0.902340, test iou: 0.834586
Train 155, loss: 0.762522, train acc: 0.965411, train avg acc: 0.959350, train iou: 0.916989
Test 155, loss: 0.817564, test acc: 0.923185, test avg acc: 0.904200, test iou: 0.832403
Train 156, loss: 0.762524, train acc: 0.965337, train avg acc: 0.959124, train iou: 0.917011
Test 156, loss: 0.819769, test acc: 0.921218, test avg acc: 0.905401, test iou: 0.824852
Train 157, loss: 0.762370, train acc: 0.965440, train avg acc: 0.959212, train iou: 0.916075
Test 157, loss: 0.818249, test acc: 0.922721, test avg acc: 0.903292, test iou: 0.832604
Train 158, loss: 0.762314, train acc: 0.965591, train avg acc: 0.959415, train iou: 0.917071
Test 158, loss: 0.817810, test acc: 0.923019, test avg acc: 0.900884, test iou: 0.832967
Train 159, loss: 0.762312, train acc: 0.965613, train avg acc: 0.959582, train iou: 0.916749
Test 159, loss: 0.818479, test acc: 0.923132, test avg acc: 0.904485, test iou: 0.833183
Train 160, loss: 0.762389, train acc: 0.965483, train avg acc: 0.959333, train iou: 0.917799
Test 160, loss: 0.818456, test acc: 0.923119, test avg acc: 0.903828, test iou: 0.834201
Train 161, loss: 0.762178, train acc: 0.965694, train avg acc: 0.959274, train iou: 0.919510
Test 161, loss: 0.817648, test acc: 0.923589, test avg acc: 0.901154, test iou: 0.835827
Train 162, loss: 0.762132, train acc: 0.965682, train avg acc: 0.959591, train iou: 0.916570
Test 162, loss: 0.818258, test acc: 0.922292, test avg acc: 0.903369, test iou: 0.833301
Train 163, loss: 0.761949, train acc: 0.965883, train avg acc: 0.959672, train iou: 0.918766
Test 163, loss: 0.820200, test acc: 0.921155, test avg acc: 0.903503, test iou: 0.825068
Train 164, loss: 0.762021, train acc: 0.965858, train avg acc: 0.959934, train iou: 0.917752
Test 164, loss: 0.818567, test acc: 0.922625, test avg acc: 0.903175, test iou: 0.835979
Train 165, loss: 0.762057, train acc: 0.965778, train avg acc: 0.959579, train iou: 0.917727
Test 165, loss: 0.820119, test acc: 0.921445, test avg acc: 0.901245, test iou: 0.829891
Train 166, loss: 0.761882, train acc: 0.965971, train avg acc: 0.959681, train iou: 0.919197
Test 166, loss: 0.819701, test acc: 0.921868, test avg acc: 0.901062, test iou: 0.829730
Train 167, loss: 0.761855, train acc: 0.965971, train avg acc: 0.959981, train iou: 0.917430
Test 167, loss: 0.818745, test acc: 0.922643, test avg acc: 0.896779, test iou: 0.831785
Train 168, loss: 0.761846, train acc: 0.966029, train avg acc: 0.959655, train iou: 0.918072
Test 168, loss: 0.818270, test acc: 0.922584, test avg acc: 0.903398, test iou: 0.835685
Train 169, loss: 0.761671, train acc: 0.966047, train avg acc: 0.960132, train iou: 0.918310
Test 169, loss: 0.818215, test acc: 0.923321, test avg acc: 0.898956, test iou: 0.835240
Train 170, loss: 0.761720, train acc: 0.966065, train avg acc: 0.959898, train iou: 0.918467
Test 170, loss: 0.818471, test acc: 0.922683, test avg acc: 0.900733, test iou: 0.835594
Train 171, loss: 0.761725, train acc: 0.966046, train avg acc: 0.959709, train iou: 0.918345
Test 171, loss: 0.817492, test acc: 0.923639, test avg acc: 0.905226, test iou: 0.833164
Train 172, loss: 0.761500, train acc: 0.966224, train avg acc: 0.960196, train iou: 0.919616
Test 172, loss: 0.818759, test acc: 0.923058, test avg acc: 0.907003, test iou: 0.833570
Train 173, loss: 0.761777, train acc: 0.966082, train avg acc: 0.960063, train iou: 0.919526
Test 173, loss: 0.817782, test acc: 0.923460, test avg acc: 0.904994, test iou: 0.833366
Train 174, loss: 0.761520, train acc: 0.966245, train avg acc: 0.960082, train iou: 0.918554
Test 174, loss: 0.818376, test acc: 0.922969, test avg acc: 0.903286, test iou: 0.835163
Train 175, loss: 0.761370, train acc: 0.966336, train avg acc: 0.960349, train iou: 0.920142
Test 175, loss: 0.818345, test acc: 0.923144, test avg acc: 0.901552, test iou: 0.830767
Train 176, loss: 0.761393, train acc: 0.966336, train avg acc: 0.960453, train iou: 0.919768
Test 176, loss: 0.817781, test acc: 0.924047, test avg acc: 0.902103, test iou: 0.834324
Train 177, loss: 0.761253, train acc: 0.966473, train avg acc: 0.960240, train iou: 0.918909
Test 177, loss: 0.818153, test acc: 0.922953, test avg acc: 0.903272, test iou: 0.836974
Train 178, loss: 0.761173, train acc: 0.966581, train avg acc: 0.960671, train iou: 0.919730
Test 178, loss: 0.818119, test acc: 0.923573, test avg acc: 0.904308, test iou: 0.834350
Train 179, loss: 0.761405, train acc: 0.966357, train avg acc: 0.960151, train iou: 0.918736
Test 179, loss: 0.817564, test acc: 0.923877, test avg acc: 0.903513, test iou: 0.833664
Train 180, loss: 0.761293, train acc: 0.966476, train avg acc: 0.960436, train iou: 0.919579
Test 180, loss: 0.817832, test acc: 0.923446, test avg acc: 0.901178, test iou: 0.835540
Train 181, loss: 0.761090, train acc: 0.966614, train avg acc: 0.960603, train iou: 0.920228
Test 181, loss: 0.818670, test acc: 0.922992, test avg acc: 0.902633, test iou: 0.836465
Train 182, loss: 0.761304, train acc: 0.966401, train avg acc: 0.960218, train iou: 0.920140
Test 182, loss: 0.820027, test acc: 0.921896, test avg acc: 0.904549, test iou: 0.831884
Train 183, loss: 0.761228, train acc: 0.966550, train avg acc: 0.960600, train iou: 0.919074
Test 183, loss: 0.817775, test acc: 0.923718, test avg acc: 0.905209, test iou: 0.834734
Train 184, loss: 0.761126, train acc: 0.966566, train avg acc: 0.960460, train iou: 0.920634
Test 184, loss: 0.817830, test acc: 0.923620, test avg acc: 0.903764, test iou: 0.834096
Train 185, loss: 0.760982, train acc: 0.966636, train avg acc: 0.960781, train iou: 0.919786
Test 185, loss: 0.818107, test acc: 0.923257, test avg acc: 0.902063, test iou: 0.832874
Train 186, loss: 0.761273, train acc: 0.966468, train avg acc: 0.960279, train iou: 0.920062
Test 186, loss: 0.818010, test acc: 0.923463, test avg acc: 0.902919, test iou: 0.833903
Train 187, loss: 0.761182, train acc: 0.966510, train avg acc: 0.960146, train iou: 0.919210
Test 187, loss: 0.818867, test acc: 0.922864, test avg acc: 0.903438, test iou: 0.833264
Train 188, loss: 0.761097, train acc: 0.966640, train avg acc: 0.960874, train iou: 0.920226
Test 188, loss: 0.818509, test acc: 0.923247, test avg acc: 0.903504, test iou: 0.836175
Train 189, loss: 0.760910, train acc: 0.966756, train avg acc: 0.960722, train iou: 0.920087
Test 189, loss: 0.818102, test acc: 0.923633, test avg acc: 0.903841, test iou: 0.832063
Train 190, loss: 0.760989, train acc: 0.966693, train avg acc: 0.960551, train iou: 0.919675
Test 190, loss: 0.818292, test acc: 0.923366, test avg acc: 0.902917, test iou: 0.834060
Train 191, loss: 0.760835, train acc: 0.966844, train avg acc: 0.960870, train iou: 0.920865
Test 191, loss: 0.818592, test acc: 0.922779, test avg acc: 0.902092, test iou: 0.833786
Train 192, loss: 0.760916, train acc: 0.966760, train avg acc: 0.960646, train iou: 0.920714
Test 192, loss: 0.818326, test acc: 0.923283, test avg acc: 0.901781, test iou: 0.835673
Train 193, loss: 0.760939, train acc: 0.966676, train avg acc: 0.960669, train iou: 0.920214
Test 193, loss: 0.817932, test acc: 0.923532, test avg acc: 0.902672, test iou: 0.836235
Train 194, loss: 0.760793, train acc: 0.966888, train avg acc: 0.960980, train iou: 0.921169
Test 194, loss: 0.819171, test acc: 0.922821, test avg acc: 0.901979, test iou: 0.833387
Train 195, loss: 0.761101, train acc: 0.966549, train avg acc: 0.960291, train iou: 0.919444
Test 195, loss: 0.818880, test acc: 0.923005, test avg acc: 0.903345, test iou: 0.832599
Train 196, loss: 0.760999, train acc: 0.966682, train avg acc: 0.960763, train iou: 0.920879
Test 196, loss: 0.818475, test acc: 0.923311, test avg acc: 0.901531, test iou: 0.834170
Train 197, loss: 0.761117, train acc: 0.966627, train avg acc: 0.960680, train iou: 0.920234
Test 197, loss: 0.818439, test acc: 0.923268, test avg acc: 0.903259, test iou: 0.834671
Train 198, loss: 0.760905, train acc: 0.966818, train avg acc: 0.960927, train iou: 0.921010
Test 198, loss: 0.818007, test acc: 0.923530, test avg acc: 0.903639, test iou: 0.834830
Train 199, loss: 0.760990, train acc: 0.966719, train avg acc: 0.960658, train iou: 0.919174
Test 199, loss: 0.818401, test acc: 0.923351, test avg acc: 0.901878, test iou: 0.830894
Namespace(batch_size=32, class_choice='airplane', dataset='shapenetpart', dropout=0.5, emb_dims=1024, epochs=200, eval=False, exp_name='partseg_airplane', k=40, lr=0.001, model='dgcnn', model_path='', momentum=0.9, no_cuda=False, num_points=2048, scheduler='cos', seed=1, test_batch_size=16, use_sgd=True, visu='', visu_format='ply')
Using GPU : 0 from 1 devices
Train 0, loss: 0.924258, train acc: 0.842086, train avg acc: 0.774490, train iou: 0.674396
Test 0, loss: 0.882770, test acc: 0.877818, test avg acc: 0.884112, test iou: 0.710478
Train 1, loss: 0.831627, train acc: 0.912678, train avg acc: 0.898908, train iou: 0.807974
Test 1, loss: 0.864130, test acc: 0.881392, test avg acc: 0.885326, test iou: 0.742110
Train 2, loss: 0.821360, train acc: 0.918627, train avg acc: 0.907669, train iou: 0.820686
Test 2, loss: 0.842922, test acc: 0.899849, test avg acc: 0.852194, test iou: 0.793974
Train 3, loss: 0.816338, train acc: 0.921618, train avg acc: 0.912189, train iou: 0.827482
Test 3, loss: 0.832865, test acc: 0.903448, test avg acc: 0.862856, test iou: 0.799699
Train 4, loss: 0.814156, train acc: 0.922435, train avg acc: 0.913867, train iou: 0.832924
Test 4, loss: 0.830367, test acc: 0.907132, test avg acc: 0.898787, test iou: 0.798494
Train 5, loss: 0.812321, train acc: 0.924234, train avg acc: 0.915789, train iou: 0.836677
Test 5, loss: 0.830234, test acc: 0.909089, test avg acc: 0.881495, test iou: 0.806405
Train 6, loss: 0.809580, train acc: 0.925935, train avg acc: 0.917824, train iou: 0.840076
Test 6, loss: 0.838150, test acc: 0.899692, test avg acc: 0.895526, test iou: 0.789797
Train 7, loss: 0.807263, train acc: 0.928119, train avg acc: 0.920504, train iou: 0.844560
Test 7, loss: 0.833492, test acc: 0.905597, test avg acc: 0.886170, test iou: 0.784157
Train 8, loss: 0.807233, train acc: 0.927863, train avg acc: 0.920374, train iou: 0.843341
Test 8, loss: 0.879088, test acc: 0.875727, test avg acc: 0.840877, test iou: 0.765987
Train 9, loss: 0.806150, train acc: 0.928876, train avg acc: 0.920992, train iou: 0.846891
Test 9, loss: 0.846622, test acc: 0.899586, test avg acc: 0.874479, test iou: 0.769240
Train 10, loss: 0.805954, train acc: 0.928526, train avg acc: 0.920736, train iou: 0.844920
Test 10, loss: 0.828679, test acc: 0.907702, test avg acc: 0.875947, test iou: 0.812533
Train 11, loss: 0.805351, train acc: 0.929759, train avg acc: 0.922143, train iou: 0.848770
Test 11, loss: 0.832103, test acc: 0.906946, test avg acc: 0.889781, test iou: 0.807405
Train 12, loss: 0.802401, train acc: 0.931771, train avg acc: 0.924394, train iou: 0.852142
Test 12, loss: 0.846590, test acc: 0.896593, test avg acc: 0.898140, test iou: 0.782142
Train 13, loss: 0.802357, train acc: 0.931591, train avg acc: 0.923528, train iou: 0.851590
Test 13, loss: 0.843602, test acc: 0.901384, test avg acc: 0.898872, test iou: 0.770210
Train 14, loss: 0.802814, train acc: 0.932012, train avg acc: 0.924590, train iou: 0.853365
Test 14, loss: 0.827737, test acc: 0.908726, test avg acc: 0.902902, test iou: 0.800076
Train 15, loss: 0.800684, train acc: 0.932974, train avg acc: 0.925832, train iou: 0.855449
Test 15, loss: 0.823887, test acc: 0.912089, test avg acc: 0.894917, test iou: 0.819367
Train 16, loss: 0.799995, train acc: 0.933695, train avg acc: 0.926153, train iou: 0.856232
Test 16, loss: 0.833048, test acc: 0.904779, test avg acc: 0.890279, test iou: 0.808065
Train 17, loss: 0.799322, train acc: 0.934198, train avg acc: 0.926804, train iou: 0.857409
Test 17, loss: 0.839653, test acc: 0.900446, test avg acc: 0.890362, test iou: 0.805766
Train 18, loss: 0.798082, train acc: 0.935247, train avg acc: 0.927938, train iou: 0.859489
Test 18, loss: 0.829688, test acc: 0.909026, test avg acc: 0.900409, test iou: 0.799173
Train 19, loss: 0.796576, train acc: 0.936379, train avg acc: 0.929181, train iou: 0.861720
Test 19, loss: 0.842738, test acc: 0.895912, test avg acc: 0.877933, test iou: 0.776597
Train 20, loss: 0.797805, train acc: 0.935378, train avg acc: 0.927993, train iou: 0.858275
Test 20, loss: 0.829639, test acc: 0.907728, test avg acc: 0.875529, test iou: 0.808275
Train 21, loss: 0.795873, train acc: 0.937127, train avg acc: 0.930261, train iou: 0.862111
Test 21, loss: 0.850720, test acc: 0.889772, test avg acc: 0.881704, test iou: 0.795542
Train 22, loss: 0.795443, train acc: 0.937421, train avg acc: 0.930400, train iou: 0.863301
Test 22, loss: 0.843526, test acc: 0.899062, test avg acc: 0.875593, test iou: 0.796395
Train 23, loss: 0.795413, train acc: 0.937441, train avg acc: 0.930005, train iou: 0.863344
Test 23, loss: 0.824672, test acc: 0.913314, test avg acc: 0.894630, test iou: 0.808560
Train 24, loss: 0.794265, train acc: 0.938520, train avg acc: 0.931326, train iou: 0.865133
Test 24, loss: 0.826014, test acc: 0.911177, test avg acc: 0.891768, test iou: 0.819948
Train 25, loss: 0.794551, train acc: 0.938112, train avg acc: 0.931043, train iou: 0.863701
Test 25, loss: 0.857219, test acc: 0.892942, test avg acc: 0.852010, test iou: 0.790879
Train 26, loss: 0.793952, train acc: 0.938974, train avg acc: 0.931352, train iou: 0.865473
Test 26, loss: 0.862602, test acc: 0.879269, test avg acc: 0.841979, test iou: 0.764980
Train 27, loss: 0.794052, train acc: 0.938983, train avg acc: 0.931475, train iou: 0.865554
Test 27, loss: 0.824274, test acc: 0.912948, test avg acc: 0.898950, test iou: 0.820990
Train 28, loss: 0.794027, train acc: 0.938926, train avg acc: 0.931783, train iou: 0.866223
Test 28, loss: 0.848774, test acc: 0.896092, test avg acc: 0.912349, test iou: 0.785367
Train 29, loss: 0.793241, train acc: 0.939509, train avg acc: 0.932423, train iou: 0.866650
Test 29, loss: 0.825363, test acc: 0.911525, test avg acc: 0.892842, test iou: 0.823061
Train 30, loss: 0.791149, train acc: 0.941089, train avg acc: 0.933919, train iou: 0.868250
Test 30, loss: 0.852853, test acc: 0.896232, test avg acc: 0.875040, test iou: 0.797864
Train 31, loss: 0.791016, train acc: 0.941395, train avg acc: 0.933924, train iou: 0.869856
Test 31, loss: 0.823367, test acc: 0.913968, test avg acc: 0.887074, test iou: 0.826280
Train 32, loss: 0.791158, train acc: 0.941118, train avg acc: 0.934081, train iou: 0.869800
Test 32, loss: 0.828084, test acc: 0.908766, test avg acc: 0.867440, test iou: 0.796700
Train 33, loss: 0.790640, train acc: 0.941830, train avg acc: 0.934618, train iou: 0.870773
Test 33, loss: 0.833470, test acc: 0.903267, test avg acc: 0.884846, test iou: 0.801603
Train 34, loss: 0.789676, train acc: 0.942596, train avg acc: 0.935394, train iou: 0.872629
Test 34, loss: 0.838215, test acc: 0.903907, test avg acc: 0.886319, test iou: 0.798531
Train 35, loss: 0.788779, train acc: 0.943120, train avg acc: 0.936167, train iou: 0.874046
Test 35, loss: 0.825693, test acc: 0.913607, test avg acc: 0.895741, test iou: 0.822654
Train 36, loss: 0.788917, train acc: 0.943262, train avg acc: 0.935737, train iou: 0.872046
Test 36, loss: 0.824187, test acc: 0.912928, test avg acc: 0.889695, test iou: 0.815302
Train 37, loss: 0.789023, train acc: 0.943255, train avg acc: 0.935527, train iou: 0.872843
Test 37, loss: 0.825133, test acc: 0.913798, test avg acc: 0.893545, test iou: 0.803819
Train 38, loss: 0.788423, train acc: 0.943786, train avg acc: 0.936576, train iou: 0.874099
Test 38, loss: 0.829310, test acc: 0.909452, test avg acc: 0.875368, test iou: 0.815515
Train 39, loss: 0.787705, train acc: 0.944316, train avg acc: 0.937071, train iou: 0.876347
Test 39, loss: 0.851957, test acc: 0.887627, test avg acc: 0.877137, test iou: 0.780470
Train 40, loss: 0.787202, train acc: 0.944808, train avg acc: 0.937878, train iou: 0.876660
Test 40, loss: 0.820099, test acc: 0.917112, test avg acc: 0.894319, test iou: 0.824178
Train 41, loss: 0.787781, train acc: 0.944237, train avg acc: 0.936546, train iou: 0.874835
Test 41, loss: 0.835614, test acc: 0.903320, test avg acc: 0.888206, test iou: 0.788987
Train 42, loss: 0.787006, train acc: 0.945078, train avg acc: 0.937543, train iou: 0.877268
Test 42, loss: 0.833473, test acc: 0.905408, test avg acc: 0.886537, test iou: 0.792678
Train 43, loss: 0.786496, train acc: 0.945385, train avg acc: 0.938530, train iou: 0.877615
Test 43, loss: 0.836812, test acc: 0.904685, test avg acc: 0.899278, test iou: 0.811635
Train 44, loss: 0.785962, train acc: 0.945866, train avg acc: 0.938506, train iou: 0.878665
Test 44, loss: 0.822124, test acc: 0.915320, test avg acc: 0.906499, test iou: 0.818094
Train 45, loss: 0.785363, train acc: 0.946435, train avg acc: 0.938744, train iou: 0.879340
Test 45, loss: 0.826820, test acc: 0.911906, test avg acc: 0.886370, test iou: 0.799234
Train 46, loss: 0.785846, train acc: 0.946141, train avg acc: 0.939063, train iou: 0.878956
Test 46, loss: 0.848034, test acc: 0.891549, test avg acc: 0.871583, test iou: 0.784630
Train 47, loss: 0.785367, train acc: 0.946249, train avg acc: 0.938983, train iou: 0.877688
Test 47, loss: 0.863906, test acc: 0.886153, test avg acc: 0.899686, test iou: 0.765089
Train 48, loss: 0.784108, train acc: 0.947482, train avg acc: 0.940364, train iou: 0.880885
Test 48, loss: 0.829536, test acc: 0.912204, test avg acc: 0.873355, test iou: 0.821995
Train 49, loss: 0.784274, train acc: 0.947227, train avg acc: 0.939978, train iou: 0.880819
Test 49, loss: 0.830718, test acc: 0.911538, test avg acc: 0.890720, test iou: 0.790407
Train 50, loss: 0.784954, train acc: 0.946806, train avg acc: 0.939162, train iou: 0.880069
Test 50, loss: 0.822776, test acc: 0.913959, test avg acc: 0.910406, test iou: 0.813282
Train 51, loss: 0.783505, train acc: 0.948019, train avg acc: 0.941165, train iou: 0.881933
Test 51, loss: 0.897018, test acc: 0.873674, test avg acc: 0.808895, test iou: 0.744160
Train 52, loss: 0.783824, train acc: 0.947753, train avg acc: 0.940254, train iou: 0.881077
Test 52, loss: 0.823686, test acc: 0.915331, test avg acc: 0.894486, test iou: 0.826234
Train 53, loss: 0.782777, train acc: 0.948806, train avg acc: 0.941479, train iou: 0.884463
Test 53, loss: 0.844029, test acc: 0.900677, test avg acc: 0.847252, test iou: 0.797789
Train 54, loss: 0.782174, train acc: 0.949307, train avg acc: 0.942231, train iou: 0.884977
Test 54, loss: 0.830114, test acc: 0.911890, test avg acc: 0.902989, test iou: 0.801082
Train 55, loss: 0.782510, train acc: 0.948670, train avg acc: 0.941351, train iou: 0.883879
Test 55, loss: 0.821584, test acc: 0.916766, test avg acc: 0.902790, test iou: 0.817685
Train 56, loss: 0.782849, train acc: 0.948598, train avg acc: 0.941569, train iou: 0.883923
Test 56, loss: 0.824613, test acc: 0.914128, test avg acc: 0.880838, test iou: 0.821835
Train 57, loss: 0.781822, train acc: 0.949521, train avg acc: 0.942352, train iou: 0.886838
Test 57, loss: 0.827684, test acc: 0.911726, test avg acc: 0.903384, test iou: 0.795483
Train 58, loss: 0.781046, train acc: 0.950120, train avg acc: 0.942801, train iou: 0.886703
Test 58, loss: 0.854691, test acc: 0.891988, test avg acc: 0.901841, test iou: 0.800431
Train 59, loss: 0.780141, train acc: 0.950736, train avg acc: 0.943792, train iou: 0.885557
Test 59, loss: 0.843935, test acc: 0.899802, test avg acc: 0.894503, test iou: 0.804840
Train 60, loss: 0.780411, train acc: 0.950612, train avg acc: 0.943284, train iou: 0.886869
Test 60, loss: 0.830343, test acc: 0.906863, test avg acc: 0.889881, test iou: 0.815197
Train 61, loss: 0.780059, train acc: 0.950871, train avg acc: 0.943794, train iou: 0.888423
Test 61, loss: 0.878974, test acc: 0.861257, test avg acc: 0.745003, test iou: 0.699085
Train 62, loss: 0.780537, train acc: 0.950375, train avg acc: 0.943208, train iou: 0.887707
Test 62, loss: 0.820030, test acc: 0.917422, test avg acc: 0.893386, test iou: 0.832020
Train 63, loss: 0.779796, train acc: 0.950972, train avg acc: 0.943882, train iou: 0.886790
Test 63, loss: 0.848307, test acc: 0.894491, test avg acc: 0.885130, test iou: 0.801542
Train 64, loss: 0.779924, train acc: 0.951003, train avg acc: 0.943981, train iou: 0.888042
Test 64, loss: 0.827277, test acc: 0.911529, test avg acc: 0.898069, test iou: 0.795413
Train 65, loss: 0.780253, train acc: 0.950618, train avg acc: 0.943807, train iou: 0.887001
Test 65, loss: 0.817780, test acc: 0.919501, test avg acc: 0.897717, test iou: 0.819093
Train 66, loss: 0.779239, train acc: 0.951604, train avg acc: 0.944529, train iou: 0.888700
Test 66, loss: 0.824524, test acc: 0.914465, test avg acc: 0.911769, test iou: 0.814044
Train 67, loss: 0.778847, train acc: 0.951861, train avg acc: 0.944681, train iou: 0.889897
Test 67, loss: 0.843234, test acc: 0.897603, test avg acc: 0.881195, test iou: 0.785916
Train 68, loss: 0.778454, train acc: 0.952089, train avg acc: 0.945022, train iou: 0.889352
Test 68, loss: 0.824497, test acc: 0.911173, test avg acc: 0.887431, test iou: 0.820671
Train 69, loss: 0.778134, train acc: 0.952541, train avg acc: 0.945509, train iou: 0.890348
Test 69, loss: 0.853085, test acc: 0.896274, test avg acc: 0.898834, test iou: 0.771343
Train 70, loss: 0.778492, train acc: 0.952165, train avg acc: 0.945230, train iou: 0.890915
Test 70, loss: 0.826448, test acc: 0.912359, test avg acc: 0.874875, test iou: 0.822992
Train 71, loss: 0.778455, train acc: 0.952228, train avg acc: 0.945055, train iou: 0.889188
Test 71, loss: 0.820938, test acc: 0.918076, test avg acc: 0.899144, test iou: 0.820500
Train 72, loss: 0.777948, train acc: 0.952534, train avg acc: 0.945635, train iou: 0.891568
Test 72, loss: 0.820093, test acc: 0.917357, test avg acc: 0.889511, test iou: 0.834394
Train 73, loss: 0.777557, train acc: 0.952851, train avg acc: 0.946056, train iou: 0.890993
Test 73, loss: 0.835765, test acc: 0.908292, test avg acc: 0.910886, test iou: 0.790701
Train 74, loss: 0.777520, train acc: 0.952807, train avg acc: 0.945968, train iou: 0.891649
Test 74, loss: 0.841972, test acc: 0.904270, test avg acc: 0.906646, test iou: 0.791125
Train 75, loss: 0.777034, train acc: 0.953376, train avg acc: 0.946313, train iou: 0.892824
Test 75, loss: 0.818933, test acc: 0.918076, test avg acc: 0.893373, test iou: 0.819431
Train 76, loss: 0.777009, train acc: 0.953200, train avg acc: 0.946203, train iou: 0.891848
Test 76, loss: 0.834653, test acc: 0.906899, test avg acc: 0.867457, test iou: 0.798344
Train 77, loss: 0.775769, train acc: 0.954317, train avg acc: 0.947556, train iou: 0.893761
Test 77, loss: 0.835076, test acc: 0.907199, test avg acc: 0.899251, test iou: 0.802934
Train 78, loss: 0.775558, train acc: 0.954507, train avg acc: 0.947624, train iou: 0.895604
Test 78, loss: 0.830503, test acc: 0.912830, test avg acc: 0.894658, test iou: 0.799985
Train 79, loss: 0.775659, train acc: 0.954383, train avg acc: 0.947549, train iou: 0.895057
Test 79, loss: 0.849092, test acc: 0.896967, test avg acc: 0.894361, test iou: 0.786549
Train 80, loss: 0.775594, train acc: 0.954494, train avg acc: 0.947571, train iou: 0.894181
Test 80, loss: 0.844607, test acc: 0.903442, test avg acc: 0.900550, test iou: 0.809603
Train 81, loss: 0.775966, train acc: 0.954068, train avg acc: 0.946902, train iou: 0.893359
Test 81, loss: 0.829105, test acc: 0.909944, test avg acc: 0.890360, test iou: 0.809228
Train 82, loss: 0.775741, train acc: 0.954231, train avg acc: 0.947407, train iou: 0.894074
Test 82, loss: 0.832343, test acc: 0.907179, test avg acc: 0.889097, test iou: 0.789495
Train 83, loss: 0.775037, train acc: 0.954945, train avg acc: 0.948043, train iou: 0.895761
Test 83, loss: 0.939121, test acc: 0.827333, test avg acc: 0.809179, test iou: 0.707472
Train 84, loss: 0.775082, train acc: 0.954834, train avg acc: 0.948082, train iou: 0.895897
Test 84, loss: 0.849838, test acc: 0.903001, test avg acc: 0.871940, test iou: 0.811134
Train 85, loss: 0.774820, train acc: 0.955030, train avg acc: 0.948134, train iou: 0.895752
Test 85, loss: 0.833123, test acc: 0.908868, test avg acc: 0.893270, test iou: 0.808447
Train 86, loss: 0.774207, train acc: 0.955577, train avg acc: 0.948804, train iou: 0.896478
Test 86, loss: 0.823024, test acc: 0.917370, test avg acc: 0.902096, test iou: 0.819770
Train 87, loss: 0.773864, train acc: 0.955876, train avg acc: 0.948778, train iou: 0.896884
Test 87, loss: 0.823207, test acc: 0.916610, test avg acc: 0.900688, test iou: 0.806196
Train 88, loss: 0.773226, train acc: 0.956446, train avg acc: 0.949422, train iou: 0.898770
Test 88, loss: 0.824139, test acc: 0.916441, test avg acc: 0.895749, test iou: 0.823884
Train 89, loss: 0.773122, train acc: 0.956506, train avg acc: 0.949634, train iou: 0.897853
Test 89, loss: 0.824247, test acc: 0.914947, test avg acc: 0.898552, test iou: 0.812976
Train 90, loss: 0.773130, train acc: 0.956559, train avg acc: 0.949778, train iou: 0.898924
Test 90, loss: 0.819062, test acc: 0.919903, test avg acc: 0.901092, test iou: 0.828928
Train 91, loss: 0.773140, train acc: 0.956542, train avg acc: 0.949635, train iou: 0.897224
Test 91, loss: 0.823608, test acc: 0.915430, test avg acc: 0.864980, test iou: 0.825649
Train 92, loss: 0.772660, train acc: 0.956964, train avg acc: 0.950212, train iou: 0.900068
Test 92, loss: 0.820639, test acc: 0.918985, test avg acc: 0.896689, test iou: 0.830814
Train 93, loss: 0.772198, train acc: 0.957414, train avg acc: 0.950720, train iou: 0.901461
Test 93, loss: 0.841178, test acc: 0.906271, test avg acc: 0.866608, test iou: 0.794370
Train 94, loss: 0.772192, train acc: 0.957359, train avg acc: 0.950731, train iou: 0.901742
Test 94, loss: 0.819602, test acc: 0.919916, test avg acc: 0.891811, test iou: 0.825909
Train 95, loss: 0.771779, train acc: 0.957676, train avg acc: 0.950964, train iou: 0.902692
Test 95, loss: 0.833048, test acc: 0.910655, test avg acc: 0.897607, test iou: 0.798253
Train 96, loss: 0.771668, train acc: 0.957597, train avg acc: 0.950970, train iou: 0.901606
Test 96, loss: 0.825333, test acc: 0.917047, test avg acc: 0.891955, test iou: 0.833453
Train 97, loss: 0.771819, train acc: 0.957507, train avg acc: 0.950758, train iou: 0.901611
Test 97, loss: 0.820315, test acc: 0.919068, test avg acc: 0.906398, test iou: 0.824801
Train 98, loss: 0.770979, train acc: 0.958301, train avg acc: 0.951605, train iou: 0.901600
Test 98, loss: 0.826108, test acc: 0.916084, test avg acc: 0.894687, test iou: 0.805818
Train 99, loss: 0.770850, train acc: 0.958362, train avg acc: 0.952038, train iou: 0.902742
Test 99, loss: 0.824401, test acc: 0.915238, test avg acc: 0.889353, test iou: 0.820980
Train 100, loss: 0.770611, train acc: 0.958703, train avg acc: 0.951674, train iou: 0.904812
Test 100, loss: 0.826111, test acc: 0.915752, test avg acc: 0.896393, test iou: 0.813208
Train 101, loss: 0.771048, train acc: 0.958143, train avg acc: 0.951514, train iou: 0.902499
Test 101, loss: 0.843497, test acc: 0.900870, test avg acc: 0.866856, test iou: 0.801681
Train 102, loss: 0.771276, train acc: 0.958044, train avg acc: 0.951125, train iou: 0.901288
Test 102, loss: 0.843157, test acc: 0.902969, test avg acc: 0.901981, test iou: 0.801940
Train 103, loss: 0.770364, train acc: 0.958823, train avg acc: 0.952186, train iou: 0.903048
Test 103, loss: 0.843521, test acc: 0.896749, test avg acc: 0.836879, test iou: 0.791440
Train 104, loss: 0.769648, train acc: 0.959484, train avg acc: 0.952847, train iou: 0.905493
Test 104, loss: 0.833416, test acc: 0.911362, test avg acc: 0.912611, test iou: 0.812739
Train 105, loss: 0.769542, train acc: 0.959534, train avg acc: 0.953055, train iou: 0.905475
Test 105, loss: 0.830235, test acc: 0.911206, test avg acc: 0.899738, test iou: 0.799518
Train 106, loss: 0.769880, train acc: 0.959171, train avg acc: 0.952505, train iou: 0.904848
Test 106, loss: 0.827979, test acc: 0.913735, test avg acc: 0.885611, test iou: 0.813953
Train 107, loss: 0.769516, train acc: 0.959452, train avg acc: 0.953046, train iou: 0.905474
Test 107, loss: 0.835130, test acc: 0.904616, test avg acc: 0.879249, test iou: 0.799127
Train 108, loss: 0.769657, train acc: 0.959329, train avg acc: 0.952851, train iou: 0.905888
Test 108, loss: 0.836879, test acc: 0.909029, test avg acc: 0.894300, test iou: 0.811146
Train 109, loss: 0.769123, train acc: 0.959855, train avg acc: 0.953380, train iou: 0.906683
Test 109, loss: 0.821830, test acc: 0.919153, test avg acc: 0.899568, test iou: 0.831749
Train 110, loss: 0.768499, train acc: 0.960368, train avg acc: 0.953894, train iou: 0.906808
Test 110, loss: 0.825743, test acc: 0.914539, test avg acc: 0.880728, test iou: 0.823300
Train 111, loss: 0.768783, train acc: 0.960088, train avg acc: 0.953538, train iou: 0.906773
Test 111, loss: 0.826534, test acc: 0.915910, test avg acc: 0.914510, test iou: 0.807658
Train 112, loss: 0.768938, train acc: 0.959922, train avg acc: 0.953561, train iou: 0.906301
Test 112, loss: 0.821489, test acc: 0.918427, test avg acc: 0.892799, test iou: 0.831274
Train 113, loss: 0.767928, train acc: 0.960797, train avg acc: 0.954323, train iou: 0.908297
Test 113, loss: 0.821962, test acc: 0.917659, test avg acc: 0.895958, test iou: 0.826700
Train 114, loss: 0.768238, train acc: 0.960493, train avg acc: 0.954128, train iou: 0.907081
Test 114, loss: 0.824130, test acc: 0.918209, test avg acc: 0.887389, test iou: 0.816566
Train 115, loss: 0.768548, train acc: 0.960267, train avg acc: 0.953575, train iou: 0.906369
Test 115, loss: 0.822736, test acc: 0.918291, test avg acc: 0.883380, test iou: 0.825002
Train 116, loss: 0.767810, train acc: 0.960952, train avg acc: 0.954573, train iou: 0.909367
Test 116, loss: 0.818720, test acc: 0.921099, test avg acc: 0.885453, test iou: 0.830087
Train 117, loss: 0.767514, train acc: 0.961143, train avg acc: 0.954794, train iou: 0.908865
Test 117, loss: 0.825346, test acc: 0.915775, test avg acc: 0.873998, test iou: 0.819210
Train 118, loss: 0.767592, train acc: 0.961105, train avg acc: 0.954837, train iou: 0.908705
Test 118, loss: 0.821534, test acc: 0.917754, test avg acc: 0.899516, test iou: 0.814652
Train 119, loss: 0.767211, train acc: 0.961415, train avg acc: 0.955069, train iou: 0.910699
Test 119, loss: 0.824855, test acc: 0.915791, test avg acc: 0.911121, test iou: 0.823981
Train 120, loss: 0.766791, train acc: 0.961761, train avg acc: 0.955438, train iou: 0.910612
Test 120, loss: 0.817349, test acc: 0.922022, test avg acc: 0.907455, test iou: 0.833656
Train 121, loss: 0.766617, train acc: 0.961988, train avg acc: 0.955966, train iou: 0.910141
Test 121, loss: 0.825168, test acc: 0.914614, test avg acc: 0.894387, test iou: 0.825620
Train 122, loss: 0.766704, train acc: 0.961853, train avg acc: 0.955403, train iou: 0.910313
Test 122, loss: 0.818638, test acc: 0.922164, test avg acc: 0.906434, test iou: 0.827604
Train 123, loss: 0.766880, train acc: 0.961607, train avg acc: 0.955400, train iou: 0.911351
Test 123, loss: 0.817933, test acc: 0.921335, test avg acc: 0.906027, test iou: 0.832578
Train 124, loss: 0.766467, train acc: 0.961985, train avg acc: 0.955757, train iou: 0.911105
Test 124, loss: 0.822824, test acc: 0.918466, test avg acc: 0.893765, test iou: 0.824080
Train 125, loss: 0.766890, train acc: 0.961586, train avg acc: 0.955526, train iou: 0.911351
Test 125, loss: 0.821145, test acc: 0.919426, test avg acc: 0.902366, test iou: 0.822985
Train 126, loss: 0.766001, train acc: 0.962357, train avg acc: 0.956148, train iou: 0.911223
Test 126, loss: 0.828227, test acc: 0.912485, test avg acc: 0.901324, test iou: 0.820113
Train 127, loss: 0.765755, train acc: 0.962571, train avg acc: 0.956453, train iou: 0.912327
Test 127, loss: 0.822726, test acc: 0.918912, test avg acc: 0.900289, test iou: 0.808753
Train 128, loss: 0.766012, train acc: 0.962448, train avg acc: 0.956109, train iou: 0.911806
Test 128, loss: 0.837137, test acc: 0.907559, test avg acc: 0.857946, test iou: 0.805288
Train 129, loss: 0.765832, train acc: 0.962604, train avg acc: 0.956521, train iou: 0.912927
Test 129, loss: 0.820715, test acc: 0.920878, test avg acc: 0.903139, test iou: 0.814096
Train 130, loss: 0.765821, train acc: 0.962457, train avg acc: 0.956449, train iou: 0.911656
Test 130, loss: 0.817468, test acc: 0.922869, test avg acc: 0.904283, test iou: 0.832936
Train 131, loss: 0.765147, train acc: 0.963039, train avg acc: 0.956922, train iou: 0.913727
Test 131, loss: 0.826812, test acc: 0.914453, test avg acc: 0.896306, test iou: 0.814723
Train 132, loss: 0.765389, train acc: 0.962829, train avg acc: 0.956999, train iou: 0.913867
Test 132, loss: 0.829111, test acc: 0.913032, test avg acc: 0.909038, test iou: 0.808264
Train 133, loss: 0.765259, train acc: 0.962980, train avg acc: 0.956570, train iou: 0.912555
Test 133, loss: 0.821906, test acc: 0.919071, test avg acc: 0.887977, test iou: 0.820203
Train 134, loss: 0.764869, train acc: 0.963210, train avg acc: 0.957178, train iou: 0.913095
Test 134, loss: 0.817975, test acc: 0.922120, test avg acc: 0.893001, test iou: 0.833721
Train 135, loss: 0.764731, train acc: 0.963481, train avg acc: 0.957371, train iou: 0.913689
Test 135, loss: 0.823441, test acc: 0.916586, test avg acc: 0.884529, test iou: 0.822275
Train 136, loss: 0.764747, train acc: 0.963395, train avg acc: 0.957202, train iou: 0.913610
Test 136, loss: 0.819224, test acc: 0.920447, test avg acc: 0.902338, test iou: 0.827122
Train 137, loss: 0.764921, train acc: 0.963357, train avg acc: 0.957557, train iou: 0.914379
Test 137, loss: 0.826923, test acc: 0.914216, test avg acc: 0.881733, test iou: 0.813558
Train 138, loss: 0.764466, train acc: 0.963647, train avg acc: 0.957623, train iou: 0.914287
Test 138, loss: 0.824739, test acc: 0.916124, test avg acc: 0.897057, test iou: 0.823934
Train 139, loss: 0.764492, train acc: 0.963604, train avg acc: 0.957571, train iou: 0.915330
Test 139, loss: 0.816985, test acc: 0.923513, test avg acc: 0.908073, test iou: 0.833298
Train 140, loss: 0.764306, train acc: 0.963792, train avg acc: 0.957779, train iou: 0.914727
Test 140, loss: 0.817118, test acc: 0.922452, test avg acc: 0.906989, test iou: 0.827621
Train 141, loss: 0.764154, train acc: 0.963986, train avg acc: 0.957935, train iou: 0.914791
Test 141, loss: 0.818282, test acc: 0.922456, test avg acc: 0.908101, test iou: 0.829822
Train 142, loss: 0.764068, train acc: 0.964013, train avg acc: 0.957835, train iou: 0.914506
Test 142, loss: 0.820990, test acc: 0.920475, test avg acc: 0.915295, test iou: 0.810543
Train 143, loss: 0.764062, train acc: 0.963936, train avg acc: 0.958018, train iou: 0.914365
Test 143, loss: 0.816670, test acc: 0.924092, test avg acc: 0.897523, test iou: 0.835767
Train 144, loss: 0.763541, train acc: 0.964521, train avg acc: 0.958522, train iou: 0.916762
Test 144, loss: 0.817017, test acc: 0.923609, test avg acc: 0.903102, test iou: 0.833016
Train 145, loss: 0.763736, train acc: 0.964227, train avg acc: 0.958148, train iou: 0.915325
Test 145, loss: 0.819108, test acc: 0.921331, test avg acc: 0.910148, test iou: 0.825661
Train 146, loss: 0.763431, train acc: 0.964537, train avg acc: 0.958574, train iou: 0.916733
Test 146, loss: 0.816945, test acc: 0.923406, test avg acc: 0.899804, test iou: 0.832137
Train 147, loss: 0.763544, train acc: 0.964462, train avg acc: 0.958607, train iou: 0.915720
Test 147, loss: 0.818448, test acc: 0.922506, test avg acc: 0.910732, test iou: 0.826769
Train 148, loss: 0.763539, train acc: 0.964376, train avg acc: 0.958411, train iou: 0.916888
Test 148, loss: 0.817357, test acc: 0.923679, test avg acc: 0.905685, test iou: 0.828856
Train 149, loss: 0.763330, train acc: 0.964665, train avg acc: 0.958641, train iou: 0.917383
Test 149, loss: 0.816457, test acc: 0.923715, test avg acc: 0.904777, test iou: 0.828930
Train 150, loss: 0.763053, train acc: 0.964803, train avg acc: 0.958891, train iou: 0.917334
Test 150, loss: 0.817863, test acc: 0.922690, test avg acc: 0.908719, test iou: 0.830659
Train 151, loss: 0.763006, train acc: 0.964873, train avg acc: 0.959036, train iou: 0.917009
Test 151, loss: 0.817511, test acc: 0.922965, test avg acc: 0.909004, test iou: 0.832414
Train 152, loss: 0.762978, train acc: 0.964932, train avg acc: 0.958918, train iou: 0.917901
Test 152, loss: 0.816002, test acc: 0.923862, test avg acc: 0.906469, test iou: 0.829665
Train 153, loss: 0.763049, train acc: 0.964839, train avg acc: 0.959000, train iou: 0.918233
Test 153, loss: 0.819843, test acc: 0.920370, test avg acc: 0.902681, test iou: 0.822422
Train 154, loss: 0.763129, train acc: 0.964738, train avg acc: 0.958737, train iou: 0.917619
Test 154, loss: 0.820525, test acc: 0.920508, test avg acc: 0.913259, test iou: 0.824846
Train 155, loss: 0.762749, train acc: 0.965068, train avg acc: 0.959231, train iou: 0.916354
Test 155, loss: 0.817374, test acc: 0.922952, test avg acc: 0.911288, test iou: 0.826832
Train 156, loss: 0.762717, train acc: 0.965064, train avg acc: 0.959143, train iou: 0.917569
Test 156, loss: 0.818908, test acc: 0.921677, test avg acc: 0.909715, test iou: 0.823864
Train 157, loss: 0.762551, train acc: 0.965327, train avg acc: 0.959398, train iou: 0.918104
Test 157, loss: 0.817022, test acc: 0.923394, test avg acc: 0.906840, test iou: 0.829930
Train 158, loss: 0.762577, train acc: 0.965225, train avg acc: 0.959377, train iou: 0.918573
Test 158, loss: 0.817883, test acc: 0.922966, test avg acc: 0.906286, test iou: 0.832037
Train 159, loss: 0.762363, train acc: 0.965526, train avg acc: 0.959714, train iou: 0.918568
Test 159, loss: 0.817563, test acc: 0.922856, test avg acc: 0.907585, test iou: 0.832201
Train 160, loss: 0.762548, train acc: 0.965245, train avg acc: 0.959511, train iou: 0.919004
Test 160, loss: 0.817046, test acc: 0.923364, test avg acc: 0.909490, test iou: 0.836327
Train 161, loss: 0.762324, train acc: 0.965490, train avg acc: 0.959488, train iou: 0.918637
Test 161, loss: 0.816695, test acc: 0.923782, test avg acc: 0.908714, test iou: 0.831508
Train 162, loss: 0.762397, train acc: 0.965384, train avg acc: 0.959657, train iou: 0.917709
Test 162, loss: 0.816898, test acc: 0.923600, test avg acc: 0.900877, test iou: 0.833009
Train 163, loss: 0.761996, train acc: 0.965740, train avg acc: 0.959910, train iou: 0.919037
Test 163, loss: 0.819018, test acc: 0.921551, test avg acc: 0.906949, test iou: 0.828263
Train 164, loss: 0.762194, train acc: 0.965621, train avg acc: 0.959849, train iou: 0.919471
Test 164, loss: 0.816829, test acc: 0.923980, test avg acc: 0.904741, test iou: 0.836171
Train 165, loss: 0.762098, train acc: 0.965609, train avg acc: 0.959735, train iou: 0.918770
Test 165, loss: 0.818489, test acc: 0.922627, test avg acc: 0.908697, test iou: 0.827675
Train 166, loss: 0.761976, train acc: 0.965824, train avg acc: 0.959872, train iou: 0.919739
Test 166, loss: 0.816081, test acc: 0.924472, test avg acc: 0.908473, test iou: 0.832898
Train 167, loss: 0.761885, train acc: 0.965871, train avg acc: 0.960196, train iou: 0.919879
Test 167, loss: 0.817802, test acc: 0.922597, test avg acc: 0.899057, test iou: 0.830857
Train 168, loss: 0.762076, train acc: 0.965678, train avg acc: 0.959581, train iou: 0.918874
Test 168, loss: 0.817718, test acc: 0.922935, test avg acc: 0.907116, test iou: 0.833324
Train 169, loss: 0.761709, train acc: 0.965938, train avg acc: 0.960374, train iou: 0.919492
Test 169, loss: 0.816680, test acc: 0.924189, test avg acc: 0.904316, test iou: 0.832009
Train 170, loss: 0.761821, train acc: 0.965896, train avg acc: 0.959966, train iou: 0.920399
Test 170, loss: 0.817373, test acc: 0.923593, test avg acc: 0.905770, test iou: 0.834818
Train 171, loss: 0.761713, train acc: 0.966063, train avg acc: 0.960087, train iou: 0.919192
Test 171, loss: 0.816344, test acc: 0.924103, test avg acc: 0.909107, test iou: 0.831516
Train 172, loss: 0.761504, train acc: 0.966216, train avg acc: 0.960601, train iou: 0.920277
Test 172, loss: 0.816562, test acc: 0.923817, test avg acc: 0.905135, test iou: 0.832446
Train 173, loss: 0.761781, train acc: 0.965974, train avg acc: 0.960227, train iou: 0.919319
Test 173, loss: 0.816421, test acc: 0.924160, test avg acc: 0.904992, test iou: 0.830700
Train 174, loss: 0.761720, train acc: 0.965988, train avg acc: 0.960035, train iou: 0.919687
Test 174, loss: 0.816673, test acc: 0.924178, test avg acc: 0.906074, test iou: 0.828615
Train 175, loss: 0.761454, train acc: 0.966176, train avg acc: 0.960462, train iou: 0.920375
Test 175, loss: 0.816296, test acc: 0.924649, test avg acc: 0.901830, test iou: 0.832929
Train 176, loss: 0.761545, train acc: 0.966127, train avg acc: 0.960442, train iou: 0.920681
Test 176, loss: 0.816345, test acc: 0.924346, test avg acc: 0.904650, test iou: 0.833231
Train 177, loss: 0.761389, train acc: 0.966315, train avg acc: 0.960549, train iou: 0.920713
Test 177, loss: 0.816909, test acc: 0.923887, test avg acc: 0.907172, test iou: 0.837511
Train 178, loss: 0.761208, train acc: 0.966452, train avg acc: 0.960849, train iou: 0.920840
Test 178, loss: 0.817213, test acc: 0.923884, test avg acc: 0.905878, test iou: 0.829821
Train 179, loss: 0.761533, train acc: 0.966146, train avg acc: 0.960188, train iou: 0.920927
Test 179, loss: 0.816185, test acc: 0.924209, test avg acc: 0.902990, test iou: 0.831156
Train 180, loss: 0.761300, train acc: 0.966338, train avg acc: 0.960538, train iou: 0.920357
Test 180, loss: 0.816248, test acc: 0.924461, test avg acc: 0.904104, test iou: 0.831594
Train 181, loss: 0.761189, train acc: 0.966344, train avg acc: 0.960598, train iou: 0.920941
Test 181, loss: 0.816382, test acc: 0.924420, test avg acc: 0.904712, test iou: 0.835319
Train 182, loss: 0.761361, train acc: 0.966313, train avg acc: 0.960494, train iou: 0.920552
Test 182, loss: 0.817923, test acc: 0.922916, test avg acc: 0.907519, test iou: 0.830606
Train 183, loss: 0.761313, train acc: 0.966301, train avg acc: 0.960641, train iou: 0.920106
Test 183, loss: 0.816942, test acc: 0.924145, test avg acc: 0.908282, test iou: 0.831297
Train 184, loss: 0.761216, train acc: 0.966412, train avg acc: 0.960527, train iou: 0.920637
Test 184, loss: 0.816216, test acc: 0.924407, test avg acc: 0.907719, test iou: 0.830336
Train 185, loss: 0.761025, train acc: 0.966628, train avg acc: 0.961059, train iou: 0.921424
Test 185, loss: 0.817631, test acc: 0.923327, test avg acc: 0.905223, test iou: 0.830108
Train 186, loss: 0.761356, train acc: 0.966368, train avg acc: 0.960348, train iou: 0.920777
Test 186, loss: 0.816246, test acc: 0.924344, test avg acc: 0.905410, test iou: 0.834778
Train 187, loss: 0.761279, train acc: 0.966310, train avg acc: 0.960380, train iou: 0.920426
Test 187, loss: 0.817359, test acc: 0.923689, test avg acc: 0.906255, test iou: 0.834373
Train 188, loss: 0.761104, train acc: 0.966498, train avg acc: 0.960901, train iou: 0.920978
Test 188, loss: 0.817318, test acc: 0.923639, test avg acc: 0.905415, test iou: 0.832718
Train 189, loss: 0.760958, train acc: 0.966640, train avg acc: 0.960837, train iou: 0.920989
Test 189, loss: 0.816768, test acc: 0.924127, test avg acc: 0.906052, test iou: 0.831593
Train 190, loss: 0.761142, train acc: 0.966584, train avg acc: 0.960780, train iou: 0.920642
Test 190, loss: 0.817336, test acc: 0.923563, test avg acc: 0.905905, test iou: 0.831879
Train 191, loss: 0.760908, train acc: 0.966687, train avg acc: 0.960897, train iou: 0.921903
Test 191, loss: 0.816905, test acc: 0.923661, test avg acc: 0.906567, test iou: 0.829635
Train 192, loss: 0.761007, train acc: 0.966627, train avg acc: 0.960790, train iou: 0.920939
Test 192, loss: 0.816886, test acc: 0.924157, test avg acc: 0.905866, test iou: 0.832402
Train 193, loss: 0.761002, train acc: 0.966611, train avg acc: 0.960894, train iou: 0.921214
Test 193, loss: 0.817219, test acc: 0.923714, test avg acc: 0.905015, test iou: 0.829091
Train 194, loss: 0.760982, train acc: 0.966566, train avg acc: 0.960822, train iou: 0.921525
Test 194, loss: 0.816859, test acc: 0.923981, test avg acc: 0.905720, test iou: 0.832974
Train 195, loss: 0.761075, train acc: 0.966531, train avg acc: 0.960614, train iou: 0.921851
Test 195, loss: 0.817029, test acc: 0.924001, test avg acc: 0.905796, test iou: 0.828646
Train 196, loss: 0.761076, train acc: 0.966585, train avg acc: 0.960757, train iou: 0.921764
Test 196, loss: 0.817843, test acc: 0.923353, test avg acc: 0.904361, test iou: 0.834317
Train 197, loss: 0.761241, train acc: 0.966351, train avg acc: 0.960634, train iou: 0.920339
Test 197, loss: 0.816622, test acc: 0.924263, test avg acc: 0.906588, test iou: 0.829884
Train 198, loss: 0.760925, train acc: 0.966723, train avg acc: 0.961034, train iou: 0.921243
Test 198, loss: 0.817570, test acc: 0.923288, test avg acc: 0.906452, test iou: 0.830855
Train 199, loss: 0.761085, train acc: 0.966450, train avg acc: 0.960616, train iou: 0.920007
Test 199, loss: 0.817098, test acc: 0.923831, test avg acc: 0.905032, test iou: 0.831109
